{"/Users/rodrigo/Documents/gobarber-mobile/gobarber-mobile-typescript/src/Pages/SignIn/index.tsx": {"path":"/Users/rodrigo/Documents/gobarber-mobile/gobarber-mobile-typescript/src/Pages/SignIn/index.tsx","statementMap":{"0":{"start":{"line":39,"column":25},"end":{"line":134,"column":1}},"1":{"start":{"line":40,"column":21},"end":{"line":40,"column":36}},"2":{"start":{"line":41,"column":18},"end":{"line":41,"column":43}},"3":{"start":{"line":42,"column":27},"end":{"line":42,"column":50}},"4":{"start":{"line":44,"column":27},"end":{"line":44,"column":36}},"5":{"start":{"line":46,"column":23},"end":{"line":76,"column":8}},"6":{"start":{"line":47,"column":4},"end":{"line":75,"column":5}},"7":{"start":{"line":48,"column":6},"end":{"line":48,"column":37}},"8":{"start":{"line":50,"column":21},"end":{"line":55,"column":8}},"9":{"start":{"line":57,"column":6},"end":{"line":59,"column":9}},"10":{"start":{"line":61,"column":6},"end":{"line":61,"column":67}},"11":{"start":{"line":63,"column":6},"end":{"line":69,"column":7}},"12":{"start":{"line":64,"column":23},"end":{"line":64,"column":47}},"13":{"start":{"line":66,"column":8},"end":{"line":66,"column":43}},"14":{"start":{"line":68,"column":8},"end":{"line":68,"column":15}},"15":{"start":{"line":71,"column":6},"end":{"line":74,"column":8}},"16":{"start":{"line":77,"column":2},"end":{"line":133,"column":4}},"17":{"start":{"line":104,"column":39},"end":{"line":104,"column":72}},"18":{"start":{"line":113,"column":39},"end":{"line":113,"column":68}},"19":{"start":{"line":117,"column":35},"end":{"line":117,"column":64}},"20":{"start":{"line":121,"column":43},"end":{"line":121,"column":61}},"21":{"start":{"line":128,"column":42},"end":{"line":128,"column":71}}},"fnMap":{"0":{"name":"(anonymous_0)","decl":{"start":{"line":39,"column":25},"end":{"line":39,"column":26}},"loc":{"start":{"line":39,"column":31},"end":{"line":134,"column":1}},"line":39},"1":{"name":"(anonymous_1)","decl":{"start":{"line":46,"column":35},"end":{"line":46,"column":36}},"loc":{"start":{"line":46,"column":66},"end":{"line":76,"column":3}},"line":46},"2":{"name":"(anonymous_2)","decl":{"start":{"line":104,"column":33},"end":{"line":104,"column":34}},"loc":{"start":{"line":104,"column":39},"end":{"line":104,"column":72}},"line":104},"3":{"name":"(anonymous_3)","decl":{"start":{"line":113,"column":33},"end":{"line":113,"column":34}},"loc":{"start":{"line":113,"column":39},"end":{"line":113,"column":68}},"line":113},"4":{"name":"(anonymous_4)","decl":{"start":{"line":117,"column":29},"end":{"line":117,"column":30}},"loc":{"start":{"line":117,"column":35},"end":{"line":117,"column":64}},"line":117},"5":{"name":"(anonymous_5)","decl":{"start":{"line":121,"column":37},"end":{"line":121,"column":38}},"loc":{"start":{"line":121,"column":43},"end":{"line":121,"column":61}},"line":121},"6":{"name":"(anonymous_6)","decl":{"start":{"line":128,"column":36},"end":{"line":128,"column":37}},"loc":{"start":{"line":128,"column":42},"end":{"line":128,"column":71}},"line":128}},"branchMap":{"0":{"loc":{"start":{"line":63,"column":6},"end":{"line":69,"column":7}},"type":"if","locations":[{"start":{"line":63,"column":6},"end":{"line":69,"column":7}},{"start":{"line":63,"column":6},"end":{"line":69,"column":7}}],"line":63},"1":{"loc":{"start":{"line":81,"column":18},"end":{"line":81,"column":63}},"type":"cond-expr","locations":[{"start":{"line":81,"column":42},"end":{"line":81,"column":51}},{"start":{"line":81,"column":54},"end":{"line":81,"column":63}}],"line":81}},"s":{"0":1,"1":1,"2":1,"3":1,"4":1,"5":1,"6":0,"7":0,"8":0,"9":0,"10":0,"11":0,"12":0,"13":0,"14":0,"15":0,"16":1,"17":0,"18":0,"19":0,"20":0,"21":0},"f":{"0":1,"1":0,"2":0,"3":0,"4":0,"5":0,"6":0},"b":{"0":[0,0],"1":[1,0]},"_coverageSchema":"43e27e138ebf9cfc5966b082cf9a028302ed4184","hash":"beb737f5d9aa918b065893327e2c73ea84a21ac9"}
,"/Users/rodrigo/Documents/gobarber-mobile/gobarber-mobile-typescript/src/components/Button/index.tsx": {"path":"/Users/rodrigo/Documents/gobarber-mobile/gobarber-mobile-typescript/src/components/Button/index.tsx","statementMap":{"0":{"start":{"line":10,"column":38},"end":{"line":14,"column":1}},"1":{"start":{"line":11,"column":2},"end":{"line":13,"column":14}}},"fnMap":{"0":{"name":"(anonymous_0)","decl":{"start":{"line":10,"column":38},"end":{"line":10,"column":39}},"loc":{"start":{"line":11,"column":2},"end":{"line":13,"column":14}},"line":11}},"branchMap":{},"s":{"0":1,"1":1},"f":{"0":1},"b":{},"_coverageSchema":"43e27e138ebf9cfc5966b082cf9a028302ed4184","hash":"4bbded837f1dc466cc5e2364eb43968b70ba1d03"}
,"/Users/rodrigo/Documents/gobarber-mobile/gobarber-mobile-typescript/src/components/Input/index.tsx": {"path":"/Users/rodrigo/Documents/gobarber-mobile/gobarber-mobile-typescript/src/components/Input/index.tsx","statementMap":{"0":{"start":{"line":28,"column":66},"end":{"line":91,"column":1}},"1":{"start":{"line":32,"column":26},"end":{"line":32,"column":43}},"2":{"start":{"line":33,"column":2},"end":{"line":37,"column":6}},"3":{"start":{"line":33,"column":34},"end":{"line":37,"column":3}},"4":{"start":{"line":35,"column":6},"end":{"line":35,"column":38}},"5":{"start":{"line":38,"column":65},"end":{"line":38,"column":79}},"6":{"start":{"line":39,"column":24},"end":{"line":39,"column":76}},"7":{"start":{"line":41,"column":36},"end":{"line":41,"column":51}},"8":{"start":{"line":42,"column":34},"end":{"line":42,"column":49}},"9":{"start":{"line":44,"column":27},"end":{"line":46,"column":8}},"10":{"start":{"line":45,"column":4},"end":{"line":45,"column":23}},"11":{"start":{"line":48,"column":26},"end":{"line":52,"column":8}},"12":{"start":{"line":49,"column":4},"end":{"line":49,"column":24}},"13":{"start":{"line":51,"column":4},"end":{"line":51,"column":47}},"14":{"start":{"line":54,"column":2},"end":{"line":68,"column":33}},"15":{"start":{"line":55,"column":4},"end":{"line":67,"column":7}},"16":{"start":{"line":60,"column":8},"end":{"line":60,"column":44}},"17":{"start":{"line":61,"column":8},"end":{"line":61,"column":64}},"18":{"start":{"line":64,"column":8},"end":{"line":64,"column":41}},"19":{"start":{"line":65,"column":8},"end":{"line":65,"column":40}},"20":{"start":{"line":70,"column":2},"end":{"line":90,"column":4}},"21":{"start":{"line":85,"column":10},"end":{"line":85,"column":46}}},"fnMap":{"0":{"name":"(anonymous_0)","decl":{"start":{"line":28,"column":66},"end":{"line":28,"column":67}},"loc":{"start":{"line":31,"column":5},"end":{"line":91,"column":1}},"line":31},"1":{"name":"(anonymous_1)","decl":{"start":{"line":33,"column":27},"end":{"line":33,"column":28}},"loc":{"start":{"line":33,"column":34},"end":{"line":37,"column":3}},"line":33},"2":{"name":"(anonymous_2)","decl":{"start":{"line":34,"column":4},"end":{"line":34,"column":5}},"loc":{"start":{"line":34,"column":12},"end":{"line":36,"column":5}},"line":34},"3":{"name":"(anonymous_3)","decl":{"start":{"line":44,"column":39},"end":{"line":44,"column":40}},"loc":{"start":{"line":44,"column":45},"end":{"line":46,"column":3}},"line":44},"4":{"name":"(anonymous_4)","decl":{"start":{"line":48,"column":38},"end":{"line":48,"column":39}},"loc":{"start":{"line":48,"column":44},"end":{"line":52,"column":3}},"line":48},"5":{"name":"(anonymous_5)","decl":{"start":{"line":54,"column":12},"end":{"line":54,"column":13}},"loc":{"start":{"line":54,"column":18},"end":{"line":68,"column":3}},"line":54},"6":{"name":"(anonymous_6)","decl":{"start":{"line":59,"column":6},"end":{"line":59,"column":7}},"loc":{"start":{"line":59,"column":32},"end":{"line":62,"column":7}},"line":59},"7":{"name":"(anonymous_7)","decl":{"start":{"line":63,"column":6},"end":{"line":63,"column":7}},"loc":{"start":{"line":63,"column":19},"end":{"line":66,"column":7}},"line":63},"8":{"name":"(anonymous_8)","decl":{"start":{"line":84,"column":22},"end":{"line":84,"column":23}},"loc":{"start":{"line":84,"column":31},"end":{"line":86,"column":9}},"line":84}},"branchMap":{"0":{"loc":{"start":{"line":29,"column":16},"end":{"line":29,"column":35}},"type":"default-arg","locations":[{"start":{"line":29,"column":33},"end":{"line":29,"column":35}}],"line":29},"1":{"loc":{"start":{"line":38,"column":25},"end":{"line":38,"column":42}},"type":"default-arg","locations":[{"start":{"line":38,"column":40},"end":{"line":38,"column":42}}],"line":38},"2":{"loc":{"start":{"line":75,"column":15},"end":{"line":75,"column":60}},"type":"cond-expr","locations":[{"start":{"line":75,"column":39},"end":{"line":75,"column":48}},{"start":{"line":75,"column":51},"end":{"line":75,"column":60}}],"line":75},"3":{"loc":{"start":{"line":75,"column":15},"end":{"line":75,"column":36}},"type":"binary-expr","locations":[{"start":{"line":75,"column":15},"end":{"line":75,"column":24}},{"start":{"line":75,"column":28},"end":{"line":75,"column":36}}],"line":75}},"s":{"0":1,"1":2,"2":2,"3":1,"4":0,"5":2,"6":2,"7":2,"8":2,"9":2,"10":0,"11":2,"12":0,"13":0,"14":2,"15":2,"16":0,"17":0,"18":0,"19":0,"20":2,"21":0},"f":{"0":2,"1":1,"2":0,"3":0,"4":0,"5":2,"6":0,"7":0,"8":0},"b":{"0":[2],"1":[2],"2":[0,2],"3":[2,2]},"_coverageSchema":"43e27e138ebf9cfc5966b082cf9a028302ed4184","hash":"f4239a0dcffd67de060f65869f7de28a4fc5066e"}
,"/Users/rodrigo/Documents/gobarber-mobile/gobarber-mobile-typescript/src/hooks/auth.tsx": {"path":"/Users/rodrigo/Documents/gobarber-mobile/gobarber-mobile-typescript/src/hooks/auth.tsx","statementMap":{"0":{"start":{"line":36,"column":20},"end":{"line":36,"column":75}},"1":{"start":{"line":38,"column":31},"end":{"line":106,"column":1}},"2":{"start":{"line":39,"column":32},"end":{"line":39,"column":46}},"3":{"start":{"line":40,"column":26},"end":{"line":40,"column":63}},"4":{"start":{"line":42,"column":2},"end":{"line":60,"column":5}},"5":{"start":{"line":44,"column":28},"end":{"line":47,"column":8}},"6":{"start":{"line":49,"column":6},"end":{"line":54,"column":7}},"7":{"start":{"line":51,"column":8},"end":{"line":51,"column":66}},"8":{"start":{"line":53,"column":8},"end":{"line":53,"column":64}},"9":{"start":{"line":56,"column":6},"end":{"line":56,"column":24}},"10":{"start":{"line":59,"column":4},"end":{"line":59,"column":22}},"11":{"start":{"line":62,"column":17},"end":{"line":79,"column":8}},"12":{"start":{"line":63,"column":21},"end":{"line":66,"column":6}},"13":{"start":{"line":68,"column":28},"end":{"line":68,"column":41}},"14":{"start":{"line":70,"column":4},"end":{"line":73,"column":7}},"15":{"start":{"line":76,"column":4},"end":{"line":76,"column":59}},"16":{"start":{"line":78,"column":4},"end":{"line":78,"column":29}},"17":{"start":{"line":81,"column":18},"end":{"line":85,"column":8}},"18":{"start":{"line":82,"column":4},"end":{"line":82,"column":74}},"19":{"start":{"line":84,"column":4},"end":{"line":84,"column":30}},"20":{"start":{"line":87,"column":22},"end":{"line":97,"column":3}},"21":{"start":{"line":89,"column":6},"end":{"line":89,"column":73}},"22":{"start":{"line":91,"column":6},"end":{"line":94,"column":9}},"23":{"start":{"line":99,"column":2},"end":{"line":105,"column":4}},"24":{"start":{"line":109,"column":18},"end":{"line":109,"column":41}},"25":{"start":{"line":111,"column":2},"end":{"line":111,"column":17}}},"fnMap":{"0":{"name":"(anonymous_0)","decl":{"start":{"line":38,"column":31},"end":{"line":38,"column":32}},"loc":{"start":{"line":38,"column":49},"end":{"line":106,"column":1}},"line":38},"1":{"name":"(anonymous_1)","decl":{"start":{"line":42,"column":12},"end":{"line":42,"column":13}},"loc":{"start":{"line":42,"column":18},"end":{"line":60,"column":3}},"line":42},"2":{"name":"loadStorageDate","decl":{"start":{"line":43,"column":19},"end":{"line":43,"column":34}},"loc":{"start":{"line":43,"column":52},"end":{"line":57,"column":5}},"line":43},"3":{"name":"(anonymous_3)","decl":{"start":{"line":62,"column":29},"end":{"line":62,"column":30}},"loc":{"start":{"line":62,"column":60},"end":{"line":79,"column":3}},"line":62},"4":{"name":"(anonymous_4)","decl":{"start":{"line":81,"column":30},"end":{"line":81,"column":31}},"loc":{"start":{"line":81,"column":42},"end":{"line":85,"column":3}},"line":81},"5":{"name":"(anonymous_5)","decl":{"start":{"line":88,"column":4},"end":{"line":88,"column":5}},"loc":{"start":{"line":88,"column":27},"end":{"line":95,"column":5}},"line":88},"6":{"name":"useAuth","decl":{"start":{"line":108,"column":9},"end":{"line":108,"column":16}},"loc":{"start":{"line":108,"column":37},"end":{"line":112,"column":1}},"line":108}},"branchMap":{"0":{"loc":{"start":{"line":49,"column":6},"end":{"line":54,"column":7}},"type":"if","locations":[{"start":{"line":49,"column":6},"end":{"line":54,"column":7}},{"start":{"line":49,"column":6},"end":{"line":54,"column":7}}],"line":49},"1":{"loc":{"start":{"line":49,"column":10},"end":{"line":49,"column":29}},"type":"binary-expr","locations":[{"start":{"line":49,"column":10},"end":{"line":49,"column":18}},{"start":{"line":49,"column":22},"end":{"line":49,"column":29}}],"line":49}},"s":{"0":1,"1":1,"2":0,"3":0,"4":0,"5":0,"6":0,"7":0,"8":0,"9":0,"10":0,"11":0,"12":0,"13":0,"14":0,"15":0,"16":0,"17":0,"18":0,"19":0,"20":0,"21":0,"22":0,"23":0,"24":1,"25":1},"f":{"0":0,"1":0,"2":0,"3":0,"4":0,"5":0,"6":1},"b":{"0":[0,0],"1":[0,0]},"_coverageSchema":"43e27e138ebf9cfc5966b082cf9a028302ed4184","hash":"48d06cb239cd25eef3053f919831fccc5200c4ad"}
}
