TN:
SF:/Users/rodrigo/Documents/gobarber-mobile/gobarber-mobile-typescript/src/Pages/SignIn/index.tsx
FN:39,(anonymous_0)
FN:46,(anonymous_1)
FN:104,(anonymous_2)
FN:113,(anonymous_3)
FN:117,(anonymous_4)
FN:121,(anonymous_5)
FN:128,(anonymous_6)
FNF:7
FNH:1
FNDA:1,(anonymous_0)
FNDA:0,(anonymous_1)
FNDA:0,(anonymous_2)
FNDA:0,(anonymous_3)
FNDA:0,(anonymous_4)
FNDA:0,(anonymous_5)
FNDA:0,(anonymous_6)
DA:39,1
DA:40,1
DA:41,1
DA:42,1
DA:44,1
DA:46,1
DA:47,0
DA:48,0
DA:50,0
DA:57,0
DA:61,0
DA:63,0
DA:64,0
DA:66,0
DA:68,0
DA:71,0
DA:77,1
DA:104,0
DA:113,0
DA:117,0
DA:121,0
DA:128,0
LF:22
LH:7
BRDA:63,0,0,0
BRDA:63,0,1,0
BRDA:81,1,0,1
BRDA:81,1,1,0
BRF:4
BRH:1
end_of_record
TN:
SF:/Users/rodrigo/Documents/gobarber-mobile/gobarber-mobile-typescript/src/components/Button/index.tsx
FN:10,(anonymous_0)
FNF:1
FNH:1
FNDA:1,(anonymous_0)
DA:10,1
DA:11,1
LF:2
LH:2
BRF:0
BRH:0
end_of_record
TN:
SF:/Users/rodrigo/Documents/gobarber-mobile/gobarber-mobile-typescript/src/components/Input/index.tsx
FN:28,(anonymous_0)
FN:33,(anonymous_1)
FN:34,(anonymous_2)
FN:44,(anonymous_3)
FN:48,(anonymous_4)
FN:54,(anonymous_5)
FN:59,(anonymous_6)
FN:63,(anonymous_7)
FN:84,(anonymous_8)
FNF:9
FNH:3
FNDA:2,(anonymous_0)
FNDA:1,(anonymous_1)
FNDA:0,(anonymous_2)
FNDA:0,(anonymous_3)
FNDA:0,(anonymous_4)
FNDA:2,(anonymous_5)
FNDA:0,(anonymous_6)
FNDA:0,(anonymous_7)
FNDA:0,(anonymous_8)
DA:28,1
DA:32,2
DA:33,2
DA:35,0
DA:38,2
DA:39,2
DA:41,2
DA:42,2
DA:44,2
DA:45,0
DA:48,2
DA:49,0
DA:51,0
DA:54,2
DA:55,2
DA:60,0
DA:61,0
DA:64,0
DA:65,0
DA:70,2
DA:85,0
LF:21
LH:12
BRDA:29,0,0,2
BRDA:38,1,0,2
BRDA:75,2,0,0
BRDA:75,2,1,2
BRDA:75,3,0,2
BRDA:75,3,1,2
BRF:6
BRH:5
end_of_record
TN:
SF:/Users/rodrigo/Documents/gobarber-mobile/gobarber-mobile-typescript/src/hooks/auth.tsx
FN:38,(anonymous_0)
FN:42,(anonymous_1)
FN:43,loadStorageDate
FN:62,(anonymous_3)
FN:81,(anonymous_4)
FN:88,(anonymous_5)
FN:108,useAuth
FNF:7
FNH:1
FNDA:0,(anonymous_0)
FNDA:0,(anonymous_1)
FNDA:0,loadStorageDate
FNDA:0,(anonymous_3)
FNDA:0,(anonymous_4)
FNDA:0,(anonymous_5)
FNDA:1,useAuth
DA:36,1
DA:38,1
DA:39,0
DA:40,0
DA:42,0
DA:44,0
DA:49,0
DA:51,0
DA:53,0
DA:56,0
DA:59,0
DA:62,0
DA:63,0
DA:68,0
DA:70,0
DA:76,0
DA:78,0
DA:81,0
DA:82,0
DA:84,0
DA:87,0
DA:89,0
DA:91,0
DA:99,0
DA:109,1
DA:111,1
LF:26
LH:4
BRDA:49,0,0,0
BRDA:49,0,1,0
BRDA:49,1,0,0
BRDA:49,1,1,0
BRF:4
BRH:0
end_of_record
